[2021-05-13T13:13:28.172] [DEBUG] default - debug
[2021-05-13T13:14:40.979] [DEBUG] default - debug
[2021-05-13T13:15:54.331] [DEBUG] default - debug
[2021-05-13T13:25:08.405] [INFO] default - 学生1151250215登录
[2021-05-13T19:24:39.287] [INFO] default - 学生1151250215修改信息
[2021-05-13T19:24:51.605] [INFO] default - 查看id为1的课程的问题
[2021-05-13T19:24:59.786] [INFO] default - 查看id为1的问题的所有回答
[2021-05-31T19:23:09.917] [INFO] default - 上传课件文件为：["upload/document/2021-5-31-19-23-09_1.jpg"]
[2021-05-31T19:23:27.031] [INFO] default - 上传课件文件为：["upload/document/2021-5-31-19-23-26_1.jpg"]
[2021-06-01T11:55:04.247] [INFO] default - 学生1151250215登录
[2021-06-01T11:55:15.199] [INFO] default - 查看id为1的问题的所有回答
[2021-06-01T11:55:24.609] [INFO] default - 查看id为1的课程的问题
[2021-06-01T11:55:26.829] [INFO] default - 查看id为1的课程的问题
[2021-06-01T12:20:32.516] [INFO] default - 查看id为1的课程的问题
[2021-06-01T12:20:33.375] [INFO] default - 查看id为1的课程的问题
[2021-06-01T12:20:37.046] [INFO] default - 查看id为1的问题的所有回答
[2021-06-01T12:25:09.310] [INFO] default - 教师11223344登录
[2021-06-01T12:34:33.713] [INFO] default - 查看id为1的课程的问题
[2021-06-01T12:34:44.482] [INFO] default - 查看id为1的课程的问题
[2021-06-01T12:34:46.354] [INFO] default - 查看id为1的课程的问题
[2021-06-01T12:48:12.439] [INFO] default - 教师11223345登录
[2021-06-01T12:48:17.643] [WARN] default - 课件2被删除
[2021-06-01T12:49:19.889] [INFO] default - 学生1151250215登录
[2021-06-01T12:49:21.465] [INFO] default - 查看id为1的课程的问题
[2021-06-01T12:49:32.982] [INFO] default - 教师11223344登录
[2021-06-01T12:49:39.812] [INFO] default - 查看id为1的课程的问题
[2021-06-01T12:49:43.377] [INFO] default - 查看id为1的课程的问题
[2021-06-01T12:49:44.443] [INFO] default - 查看id为1的问题的所有回答
[2021-06-01T12:49:45.336] [INFO] default - 查看id为1的课程的问题
[2021-06-01T12:49:46.710] [INFO] default - 查看id为1的课程的问题
[2021-06-01T12:57:50.680] [INFO] default - 上传课件文件为：["upload/document/2021-6-01-12-57-50_c++.PNG"]
[2021-06-01T12:57:55.637] [INFO] default - 学生1151250215登录
[2021-06-01T12:58:05.741] [INFO] default - 查看id为1的课程的问题
[2021-06-01T12:58:06.979] [INFO] default - 查看id为1的课程的问题
[2021-06-01T12:59:12.196] [INFO] default - 查看id为1的课程的问题
[2021-06-01T12:59:12.980] [INFO] default - 查看id为1的课程的问题
[2021-06-01T13:07:02.242] [INFO] default - 查看id为1的课程的问题
[2021-06-01T15:13:16.103] [INFO] default - 学生1151250215登录
[2021-06-01T15:14:10.335] [INFO] default - 学生1151250215登录
[2021-06-01T15:15:48.609] [INFO] default - 学生1151250215修改信息
[2021-06-01T15:16:31.039] [INFO] default - 查看id为1的课程的问题
[2021-06-01T15:19:25.947] [INFO] default - 查看id为1的课程的问题
[2021-06-01T15:19:28.446] [INFO] default - 查看id为1的问题的所有回答
[2021-06-01T15:19:29.548] [INFO] default - 查看id为1的课程的问题
[2021-06-01T15:20:15.560] [INFO] default - 查看id为1的问题的所有回答
[2021-06-01T15:21:00.359] [INFO] default - 查看id为1的课程的问题
[2021-06-01T15:21:02.400] [INFO] default - 查看id为1的课程的问题
[2021-06-01T15:21:07.332] [INFO] default - 查看id为1的问题的所有回答
[2021-06-01T15:21:08.582] [INFO] default - 查看id为1的课程的问题
[2021-06-01T15:21:42.132] [INFO] default - 教师11223344登录
[2021-06-01T15:25:08.297] [INFO] default - 查看id为1的课程的问题
[2021-06-01T15:25:10.540] [INFO] default - 查看id为1的问题的所有回答
[2021-06-01T15:25:11.543] [INFO] default - 查看id为1的课程的问题
[2021-06-01T15:25:36.649] [INFO] default - 查看id为1的问题的所有回答
[2021-06-01T15:26:49.409] [INFO] default - 学生1151250215登录
[2021-06-04T10:59:20.241] [INFO] default - 查看id为1的课程的问题
[2021-06-04T11:15:43.963] [INFO] default - 查看id为1的课程的问题
[2021-06-04T11:17:32.101] [INFO] default - 查看id为1的课程的问题
[2021-06-04T11:17:53.272] [INFO] default - 查看id为1的课程的问题
[2021-06-04T11:18:23.083] [INFO] default - 查看id为1的课程的问题
[2021-06-04T11:19:15.487] [INFO] default - 查看id为1的课程的问题
[2021-06-04T11:25:28.035] [INFO] default - 查看id为1的课程的问题
[2021-06-04T11:26:07.875] [INFO] default - 查看id为1的课程的问题
[2021-06-04T11:26:14.514] [INFO] default - 查看id为1的课程的问题
[2021-06-04T11:26:26.073] [INFO] default - 查看id为1的课程的问题
[2021-06-04T11:26:28.366] [INFO] default - 查看id为1的课程的问题
[2021-06-04T11:26:29.431] [INFO] default - 查看id为1的课程的问题
[2021-06-04T11:26:54.175] [INFO] default - 查看id为1的课程的问题
[2021-06-04T11:27:28.081] [INFO] default - 查看id为1的课程的问题
[2021-06-04T11:27:46.540] [INFO] default - 教师11223344登录
[2021-06-04T11:27:49.653] [INFO] default - 查看id为1的课程的问题
[2021-06-04T11:32:37.778] [INFO] default - 查看id为1的课程的问题
[2021-06-04T11:32:54.636] [INFO] default - 查看id为1的课程的问题
[2021-06-04T11:39:49.936] [INFO] default - 查看id为1的课程的问题
[2021-06-04T11:48:02.722] [INFO] default - 查看id为1的课程的问题
[2021-06-04T11:52:29.290] [INFO] default - 查看id为1的课程的问题
[2021-06-04T11:52:32.457] [INFO] default - 查看id为1的课程的问题
[2021-06-04T11:52:42.853] [INFO] default - 查看id为1的课程的问题
[2021-06-04T11:54:27.467] [INFO] default - 查看id为1的课程的问题
[2021-06-04T11:54:31.854] [INFO] default - 查看id为1的课程的问题
[2021-06-04T11:54:35.413] [INFO] default - 查看id为1的课程的问题
